Copyright 1986-2017 Xilinx, Inc. All Rights Reserved.
------------------------------------------------------------------------------------
| Tool Version : Vivado v.2017.4 (win64) Build 2086221 Fri Dec 15 20:55:39 MST 2017
| Date         : Wed Jun  5 16:07:55 2024
| Host         : DB3F running 64-bit major release  (build 9200)
| Command      : report_control_sets -verbose -file CPU_control_sets_placed.rpt
| Design       : CPU
| Device       : xc7a35t
------------------------------------------------------------------------------------

Control Set Information

Table of Contents
-----------------
1. Summary
2. Flip-Flop Distribution
3. Detailed Control Set Information

1. Summary
----------

+----------------------------------------------------------+-------+
|                          Status                          | Count |
+----------------------------------------------------------+-------+
| Number of unique control sets                            |   171 |
| Unused register locations in slices containing registers |   366 |
+----------------------------------------------------------+-------+


2. Flip-Flop Distribution
-------------------------

+--------------+-----------------------+------------------------+-----------------+--------------+
| Clock Enable | Synchronous Set/Reset | Asynchronous Set/Reset | Total Registers | Total Slices |
+--------------+-----------------------+------------------------+-----------------+--------------+
| No           | No                    | No                     |               6 |            4 |
| No           | No                    | Yes                    |             108 |           44 |
| No           | Yes                   | No                     |               0 |            0 |
| Yes          | No                    | No                     |               0 |            0 |
| Yes          | No                    | Yes                    |            1056 |          768 |
| Yes          | Yes                   | No                     |               0 |            0 |
+--------------+-----------------------+------------------------+-----------------+--------------+


3. Detailed Control Set Information
-----------------------------------

+------------------------+---------------------------------+-----------------------------------+------------------+----------------+
|      Clock Signal      |          Enable Signal          |          Set/Reset Signal         | Slice Load Count | Bel Load Count |
+------------------------+---------------------------------+-----------------------------------+------------------+----------------+
|  ucpuclk/inst/clk_out1 |                                 | uIFetch/PC_reg[3]_0               |                1 |              1 |
|  ucpuclk/inst/clk_out2 |                                 | uDecoder/Register_reg[15][0]_0    |                1 |              2 |
|  n_0_75_BUFG           |                                 |                                   |                1 |              2 |
|  uled/clkout_reg_n_1   |                                 | uIFetch/AR[0]                     |                1 |              2 |
|  ucpuclk/inst/clk_out1 | uIFetch/Register_reg[25][31][0] | uDecoder/Register_reg[31][15]_0   |                3 |              3 |
|  ucpuclk/inst/clk_out1 | uIFetch/Register_reg[30][31][0] | uDecoder/Register_reg[31][15]_0   |                3 |              3 |
|  ucpuclk/inst/clk_out1 | uIFetch/Register_reg[19][31][0] | uDecoder/Register_reg[31][15]_0   |                3 |              3 |
|  ucpuclk/inst/clk_out1 | uIFetch/Register_reg[29][31][0] | uDecoder/Register_reg[31][15]_0   |                3 |              3 |
|  ucpuclk/inst/clk_out1 | uIFetch/Register_reg[18][31][0] | uDecoder/Register_reg[31][15]_0   |                2 |              3 |
|  ucpuclk/inst/clk_out1 | uIFetch/Register_reg[21][31][0] | uDecoder/Register_reg[31][15]_0   |                3 |              3 |
|  ucpuclk/inst/clk_out1 | uIFetch/Register_reg[28][31][0] | uDecoder/Register_reg[31][15]_0   |                3 |              3 |
|  ucpuclk/inst/clk_out1 | uIFetch/E[0]                    | uDecoder/Register_reg[31][15]_0   |                3 |              3 |
|  ucpuclk/inst/clk_out1 | uIFetch/Register_reg[5][31][0]  | uDecoder/Register_reg[0][28]_0    |                2 |              3 |
|  ucpuclk/inst/clk_out1 | uIFetch/Register_reg[16][31][0] | uDecoder/Register_reg[31][15]_0   |                3 |              3 |
|  ucpuclk/inst/clk_out1 | uIFetch/Register_reg[26][31][0] | uDecoder/Register_reg[31][15]_0   |                3 |              3 |
|  ucpuclk/inst/clk_out1 | uIFetch/Register_reg[22][31][0] | uDecoder/Register_reg[31][15]_0   |                3 |              3 |
|  ucpuclk/inst/clk_out1 | uIFetch/Register_reg[24][31][0] | uDecoder/Register_reg[31][15]_0   |                3 |              3 |
|  ucpuclk/inst/clk_out1 | uIFetch/Register_reg[3][31][0]  | uDecoder/Register_reg[0][28]_0    |                3 |              3 |
|  ucpuclk/inst/clk_out1 | uIFetch/Register_reg[4][31][0]  | uDecoder/Register_reg[0][28]_0    |                2 |              3 |
|  ucpuclk/inst/clk_out1 | uIFetch/Register_reg[7][31][0]  | uDecoder/Register_reg[0][28]_0    |                3 |              3 |
|  ucpuclk/inst/clk_out1 | uIFetch/Register_reg[1][31][0]  | uDecoder/Register_reg[0][28]_0    |                2 |              3 |
| ~ucpuclk/inst/clk_out2 |                                 | uDecoder/Register_reg[15][0]_0    |                1 |              3 |
|  useg/clkout_reg_n_1   |                                 | uDecoder/Register_reg[31][15]_0   |                1 |              3 |
|  ucpuclk/inst/clk_out1 | uIFetch/Register_reg[6][31][0]  | uDecoder/Register_reg[0][28]_0    |                2 |              3 |
|  ucpuclk/inst/clk_out1 | uIFetch/Register_reg[27][31][0] | uDecoder/Register_reg[31][15]_0   |                2 |              3 |
|  ucpuclk/inst/clk_out1 | uIFetch/Register_reg[20][31][0] | uDecoder/Register_reg[31][15]_0   |                2 |              3 |
|  ucpuclk/inst/clk_out1 | uIFetch/Register_reg[17][31][0] | uDecoder/Register_reg[31][15]_0   |                2 |              3 |
|  ucpuclk/inst/clk_out1 | uIFetch/Register_reg[2][31][0]  | uDecoder/Register_reg[0][28]_0    |                2 |              3 |
|  ucpuclk/inst/clk_out1 | uIFetch/Register_reg[23][31][0] | uDecoder/Register_reg[31][15]_0   |                2 |              3 |
|  ucpuclk/inst/clk_out1 | uIFetch/Register_reg[0][31][0]  | uDecoder/Register_reg[0][28]_0    |                4 |              4 |
|  ucpuclk/inst/clk_out1 | uIFetch/Register_reg[14][31][0] | uDecoder/Register[15][28]_i_1_n_1 |                3 |              4 |
|  n_0_75_BUFG           | uclkconv/sel                    | uIFetch/PC_reg[3]_0               |                1 |              4 |
|  ucpuclk/inst/clk_out1 |                                 |                                   |                3 |              4 |
|  ucpuclk/inst/clk_out1 | uIFetch/Register_reg[15][31][0] | uDecoder/Register[15][28]_i_1_n_1 |                3 |              4 |
|  ucpuclk/inst/clk_out1 | uIFetch/Register_reg[8][31][0]  | uDecoder/Register[15][28]_i_1_n_1 |                3 |              5 |
|  ucpuclk/inst/clk_out1 | uIFetch/Register_reg[12][31][0] | uDecoder/Register[15][28]_i_1_n_1 |                3 |              5 |
|  ucpuclk/inst/clk_out1 | uIFetch/Register_reg[10][31][0] | uDecoder/Register[15][28]_i_1_n_1 |                3 |              5 |
|  ucpuclk/inst/clk_out1 | uIFetch/Register_reg[11][31][0] | uDecoder/Register[15][28]_i_1_n_1 |                3 |              5 |
|  ucpuclk/inst/clk_out1 | uIFetch/Register_reg[13][31][0] | uDecoder/Register[15][28]_i_1_n_1 |                2 |              5 |
|  ucpuclk/inst/clk_out1 | uIFetch/Register_reg[9][31][0]  | uDecoder/Register[15][28]_i_1_n_1 |                4 |              5 |
|  ucpuclk/inst/clk_out1 | uIFetch/Register_reg[8][31][0]  | uDecoder/Register[15][13]_i_1_n_1 |                5 |              6 |
|  ucpuclk/inst/clk_out1 | uIFetch/Register_reg[7][31][0]  | uDecoder/Register_reg[15][0]_0    |                5 |              6 |
|  ucpuclk/inst/clk_out1 | uIFetch/Register_reg[5][31][0]  | uDecoder/Register_reg[15][0]_0    |                5 |              6 |
|  ucpuclk/inst/clk_out1 | uIFetch/Register_reg[0][31][0]  | uDecoder/Register_reg[15][0]_0    |                6 |              6 |
|  ucpuclk/inst/clk_out1 | uIFetch/Register_reg[12][31][0] | uDecoder/Register[15][20]_i_1_n_1 |                5 |              6 |
|  ucpuclk/inst/clk_out1 | uIFetch/Register_reg[1][31][0]  | uDecoder/Register_reg[15][0]_0    |                4 |              6 |
|  ucpuclk/inst/clk_out1 | uIFetch/Register_reg[9][31][0]  | uDecoder/Register[15][13]_i_1_n_1 |                6 |              6 |
|  ucpuclk/inst/clk_out1 | uIFetch/Register_reg[10][31][0] | uDecoder/Register[15][13]_i_1_n_1 |                5 |              6 |
|  ucpuclk/inst/clk_out1 | uIFetch/Register_reg[2][31][0]  | uDecoder/Register_reg[15][0]_0    |                4 |              6 |
|  ucpuclk/inst/clk_out1 | uIFetch/Register_reg[13][31][0] | uDecoder/Register[15][20]_i_1_n_1 |                5 |              6 |
|  ucpuclk/inst/clk_out1 | uIFetch/Register_reg[3][31][0]  | uDecoder/Register_reg[15][0]_0    |                5 |              6 |
|  ucpuclk/inst/clk_out1 | uIFetch/Register_reg[4][31][0]  | uDecoder/Register_reg[15][0]_0    |                6 |              6 |
|  ucpuclk/inst/clk_out1 | uIFetch/Register_reg[6][31][0]  | uDecoder/Register_reg[15][0]_0    |                5 |              6 |
|  ucpuclk/inst/clk_out1 | uIFetch/Register_reg[11][31][0] | uDecoder/Register[15][20]_i_1_n_1 |                6 |              6 |
|  ucpuclk/inst/clk_out1 | uIFetch/Register_reg[21][31][0] | uDecoder/Register[31][20]_i_2_n_1 |                7 |              7 |
|  ucpuclk/inst/clk_out1 | uIFetch/Register_reg[21][31][0] | uDecoder/Register[31][30]_i_2_n_1 |                5 |              7 |
|  ucpuclk/inst/clk_out1 | uIFetch/Register_reg[13][31][0] | uDecoder/Register[15][13]_i_1_n_1 |                6 |              7 |
|  ucpuclk/inst/clk_out1 | uIFetch/Register_reg[13][31][0] | uDecoder/Register_reg[0][28]_0    |                5 |              7 |
|  ucpuclk/inst/clk_out1 | uIFetch/Register_reg[13][31][0] | uDecoder/Register_reg[15][0]_0    |                5 |              7 |
|  ucpuclk/inst/clk_out1 | uIFetch/Register_reg[26][31][0] | uDecoder/Register[31][13]_i_2_n_1 |                2 |              7 |
|  ucpuclk/inst/clk_out1 | uIFetch/Register_reg[26][31][0] | uDecoder/Register[31][20]_i_2_n_1 |                5 |              7 |
|  ucpuclk/inst/clk_out1 | uIFetch/Register_reg[26][31][0] | uDecoder/Register[31][30]_i_2_n_1 |                5 |              7 |
|  ucpuclk/inst/clk_out1 | uIFetch/Register_reg[20][31][0] | uDecoder/Register[31][21]_i_2_n_1 |                5 |              7 |
|  ucpuclk/inst/clk_out1 | uIFetch/Register_reg[20][31][0] | uDecoder/Register[31][20]_i_2_n_1 |                5 |              7 |
|  ucpuclk/inst/clk_out1 | uIFetch/Register_reg[20][31][0] | uDecoder/Register[31][30]_i_2_n_1 |                6 |              7 |
|  ucpuclk/inst/clk_out1 | uIFetch/Register_reg[19][31][0] | uDecoder/Register[31][13]_i_2_n_1 |                3 |              7 |
|  ucpuclk/inst/clk_out1 | uIFetch/Register_reg[19][31][0] | uDecoder/Register[31][21]_i_2_n_1 |                6 |              7 |
|  ucpuclk/inst/clk_out1 | uIFetch/Register_reg[19][31][0] | uDecoder/Register[31][30]_i_2_n_1 |                5 |              7 |
|  ucpuclk/inst/clk_out1 | uIFetch/Register_reg[24][31][0] | uDecoder/Register[31][13]_i_2_n_1 |                4 |              7 |
|  ucpuclk/inst/clk_out1 | uIFetch/Register_reg[24][31][0] | uDecoder/Register[31][20]_i_2_n_1 |                6 |              7 |
|  ucpuclk/inst/clk_out1 | uIFetch/Register_reg[24][31][0] | uDecoder/Register[31][30]_i_2_n_1 |                5 |              7 |
|  ucpuclk/inst/clk_out1 | uIFetch/Register_reg[1][31][0]  | uDecoder/Register[15][20]_i_1_n_1 |                6 |              7 |
|  ucpuclk/inst/clk_out1 | uIFetch/Register_reg[1][31][0]  | uDecoder/Register[15][13]_i_1_n_1 |                5 |              7 |
|  ucpuclk/inst/clk_out1 | uIFetch/Register_reg[10][31][0] | uDecoder/Register[15][20]_i_1_n_1 |                6 |              7 |
|  ucpuclk/inst/clk_out1 | uIFetch/Register_reg[10][31][0] | uDecoder/Register_reg[0][28]_0    |                5 |              7 |
|  ucpuclk/inst/clk_out1 | uIFetch/Register_reg[10][31][0] | uDecoder/Register_reg[15][0]_0    |                6 |              7 |
|  ucpuclk/inst/clk_out1 | uIFetch/Register_reg[17][31][0] | uDecoder/Register[31][13]_i_2_n_1 |                2 |              7 |
|  ucpuclk/inst/clk_out1 | uIFetch/Register_reg[17][31][0] | uDecoder/Register[31][21]_i_2_n_1 |                6 |              7 |
|  ucpuclk/inst/clk_out1 | uIFetch/Register_reg[17][31][0] | uDecoder/Register[31][30]_i_2_n_1 |                6 |              7 |
|  ucpuclk/inst/clk_out1 | uIFetch/Register_reg[16][31][0] | uDecoder/Register[31][13]_i_2_n_1 |                4 |              7 |
|  ucpuclk/inst/clk_out1 | uIFetch/Register_reg[16][31][0] | uDecoder/Register[31][21]_i_2_n_1 |                6 |              7 |
|  ucpuclk/inst/clk_out1 | uIFetch/Register_reg[16][31][0] | uDecoder/Register[31][30]_i_2_n_1 |                6 |              7 |
|  ucpuclk/inst/clk_out1 | uIFetch/Register_reg[18][31][0] | uDecoder/Register[31][13]_i_2_n_1 |                3 |              7 |
|  ucpuclk/inst/clk_out1 | uIFetch/Register_reg[18][31][0] | uDecoder/Register[31][21]_i_2_n_1 |                6 |              7 |
|  ucpuclk/inst/clk_out1 | uIFetch/Register_reg[18][31][0] | uDecoder/Register[31][30]_i_2_n_1 |                5 |              7 |
|  ucpuclk/inst/clk_out1 | uIFetch/Register_reg[14][31][0] | uDecoder/Register[15][13]_i_1_n_1 |                6 |              7 |
|  ucpuclk/inst/clk_out1 | uIFetch/Register_reg[23][31][0] | uDecoder/Register[31][20]_i_2_n_1 |                6 |              7 |
|  ucpuclk/inst/clk_out1 | uIFetch/Register_reg[23][31][0] | uDecoder/Register[31][30]_i_2_n_1 |                6 |              7 |
|  ucpuclk/inst/clk_out1 | uIFetch/Register_reg[15][31][0] | uDecoder/Register[15][20]_i_1_n_1 |                5 |              7 |
|  ucpuclk/inst/clk_out1 | uIFetch/Register_reg[15][31][0] | uDecoder/Register[15][13]_i_1_n_1 |                4 |              7 |
|  ucpuclk/inst/clk_out1 | uIFetch/Register_reg[15][31][0] | uDecoder/Register_reg[0][28]_0    |                5 |              7 |
|  ucpuclk/inst/clk_out1 | uIFetch/Register_reg[15][31][0] | uDecoder/Register_reg[15][0]_0    |                5 |              7 |
|  ucpuclk/inst/clk_out1 | uIFetch/Register_reg[22][31][0] | uDecoder/Register[31][21]_i_2_n_1 |                6 |              7 |
|  ucpuclk/inst/clk_out1 | uIFetch/Register_reg[22][31][0] | uDecoder/Register[31][20]_i_2_n_1 |                6 |              7 |
|  ucpuclk/inst/clk_out1 | uIFetch/Register_reg[22][31][0] | uDecoder/Register[31][30]_i_2_n_1 |                4 |              7 |
|  ucpuclk/inst/clk_out1 | uIFetch/Register_reg[25][31][0] | uDecoder/Register[31][13]_i_2_n_1 |                3 |              7 |
|  ucpuclk/inst/clk_out1 | uIFetch/Register_reg[25][31][0] | uDecoder/Register[31][20]_i_2_n_1 |                7 |              7 |
|  ucpuclk/inst/clk_out1 | uIFetch/Register_reg[25][31][0] | uDecoder/Register[31][30]_i_2_n_1 |                5 |              7 |
|  ucpuclk/inst/clk_out1 | uIFetch/Register_reg[29][31][0] | uDecoder/Register[31][13]_i_2_n_1 |                5 |              7 |
|  ucpuclk/inst/clk_out1 | uIFetch/Register_reg[29][31][0] | uDecoder/Register[31][21]_i_2_n_1 |                7 |              7 |
|  ucpuclk/inst/clk_out1 | uIFetch/Register_reg[29][31][0] | uDecoder/Register[31][20]_i_2_n_1 |                5 |              7 |
|  ucpuclk/inst/clk_out1 | uIFetch/Register_reg[28][31][0] | uDecoder/Register[31][13]_i_2_n_1 |                2 |              7 |
|  ucpuclk/inst/clk_out1 | uIFetch/Register_reg[28][31][0] | uDecoder/Register[31][21]_i_2_n_1 |                5 |              7 |
|  ucpuclk/inst/clk_out1 | uIFetch/Register_reg[28][31][0] | uDecoder/Register[31][20]_i_2_n_1 |                6 |              7 |
|  ucpuclk/inst/clk_out1 | uIFetch/Register_reg[27][31][0] | uDecoder/Register[31][13]_i_2_n_1 |                4 |              7 |
|  ucpuclk/inst/clk_out1 | uIFetch/Register_reg[27][31][0] | uDecoder/Register[31][20]_i_2_n_1 |                5 |              7 |
|  ucpuclk/inst/clk_out1 | uIFetch/Register_reg[27][31][0] | uDecoder/Register[31][30]_i_2_n_1 |                6 |              7 |
|  ucpuclk/inst/clk_out1 | uIFetch/Register_reg[7][31][0]  | uDecoder/Register[15][20]_i_1_n_1 |                4 |              7 |
|  ucpuclk/inst/clk_out1 | uIFetch/Register_reg[7][31][0]  | uDecoder/Register[15][13]_i_1_n_1 |                5 |              7 |
|  ucpuclk/inst/clk_out1 | uIFetch/Register_reg[30][31][0] | uDecoder/Register[31][13]_i_2_n_1 |                4 |              7 |
|  ucpuclk/inst/clk_out1 | uIFetch/Register_reg[30][31][0] | uDecoder/Register[31][21]_i_2_n_1 |                6 |              7 |
|  ucpuclk/inst/clk_out1 | uIFetch/Register_reg[30][31][0] | uDecoder/Register[31][20]_i_2_n_1 |                5 |              7 |
|  ucpuclk/inst/clk_out1 | uIFetch/Register_reg[5][31][0]  | uDecoder/Register[15][20]_i_1_n_1 |                5 |              7 |
|  ucpuclk/inst/clk_out1 | uIFetch/Register_reg[5][31][0]  | uDecoder/Register[15][13]_i_1_n_1 |                5 |              7 |
|  ucpuclk/inst/clk_out1 | uIFetch/Register_reg[8][31][0]  | uDecoder/Register[15][20]_i_1_n_1 |                6 |              7 |
|  ucpuclk/inst/clk_out1 | uIFetch/Register_reg[8][31][0]  | uDecoder/Register_reg[0][28]_0    |                5 |              7 |
|  ucpuclk/inst/clk_out1 | uIFetch/Register_reg[8][31][0]  | uDecoder/Register_reg[15][0]_0    |                4 |              7 |
|  ucpuclk/inst/clk_out1 | uIFetch/E[0]                    | uDecoder/Register[31][13]_i_2_n_1 |                5 |              7 |
|  ucpuclk/inst/clk_out1 | uIFetch/Register_reg[9][31][0]  | uDecoder/Register[15][20]_i_1_n_1 |                5 |              7 |
|  ucpuclk/inst/clk_out1 | uIFetch/E[0]                    | uDecoder/Register[31][21]_i_2_n_1 |                6 |              7 |
|  ucpuclk/inst/clk_out1 | uIFetch/Register_reg[9][31][0]  | uDecoder/Register_reg[0][28]_0    |                5 |              7 |
|  ucpuclk/inst/clk_out1 | uIFetch/Register_reg[9][31][0]  | uDecoder/Register_reg[15][0]_0    |                7 |              7 |
|  ucpuclk/inst/clk_out1 | uIFetch/Register_reg[2][31][0]  | uDecoder/Register[15][20]_i_1_n_1 |                7 |              7 |
|  ucpuclk/inst/clk_out1 | uIFetch/Register_reg[2][31][0]  | uDecoder/Register[15][13]_i_1_n_1 |                5 |              7 |
|  ucpuclk/inst/clk_out1 | uIFetch/E[0]                    | uDecoder/Register[31][20]_i_2_n_1 |                7 |              7 |
|  ucpuclk/inst/clk_out1 | uIFetch/Register_reg[0][31][0]  | uDecoder/Register[15][20]_i_1_n_1 |                6 |              7 |
|  ucpuclk/inst/clk_out1 | uIFetch/Register_reg[23][31][0] | uDecoder/Register[31][21]_i_2_n_1 |                5 |              7 |
|  ucpuclk/inst/clk_out1 | uIFetch/Register_reg[3][31][0]  | uDecoder/Register[15][20]_i_1_n_1 |                5 |              7 |
|  ucpuclk/inst/clk_out1 | uIFetch/Register_reg[3][31][0]  | uDecoder/Register[15][13]_i_1_n_1 |                5 |              7 |
|  ucpuclk/inst/clk_out1 | uIFetch/Register_reg[0][31][0]  | uDecoder/Register[15][13]_i_1_n_1 |                6 |              7 |
|  ucpuclk/inst/clk_out1 | uIFetch/Register_reg[12][31][0] | uDecoder/Register[15][13]_i_1_n_1 |                4 |              7 |
|  ucpuclk/inst/clk_out1 | uIFetch/Register_reg[4][31][0]  | uDecoder/Register[15][20]_i_1_n_1 |                5 |              7 |
|  ucpuclk/inst/clk_out1 | uIFetch/Register_reg[4][31][0]  | uDecoder/Register[15][13]_i_1_n_1 |                6 |              7 |
|  ucpuclk/inst/clk_out1 | uIFetch/Register_reg[12][31][0] | uDecoder/Register_reg[0][28]_0    |                5 |              7 |
|  ucpuclk/inst/clk_out1 | uIFetch/Register_reg[12][31][0] | uDecoder/Register_reg[15][0]_0    |                5 |              7 |
|  ucpuclk/inst/clk_out1 | uIFetch/Register_reg[6][31][0]  | uDecoder/Register[15][20]_i_1_n_1 |                6 |              7 |
|  ucpuclk/inst/clk_out1 | uIFetch/Register_reg[6][31][0]  | uDecoder/Register[15][13]_i_1_n_1 |                6 |              7 |
|  ucpuclk/inst/clk_out1 | uIFetch/Register_reg[14][31][0] | uDecoder/Register[15][20]_i_1_n_1 |                6 |              7 |
|  ucpuclk/inst/clk_out1 | uIFetch/Register_reg[14][31][0] | uDecoder/Register_reg[0][28]_0    |                6 |              7 |
|  ucpuclk/inst/clk_out1 | uIFetch/Register_reg[14][31][0] | uDecoder/Register_reg[15][0]_0    |                6 |              7 |
|  ucpuclk/inst/clk_out1 | uIFetch/Register_reg[11][31][0] | uDecoder/Register[15][13]_i_1_n_1 |                6 |              7 |
|  ucpuclk/inst/clk_out1 | uIFetch/Register_reg[11][31][0] | uDecoder/Register_reg[0][28]_0    |                6 |              7 |
|  ucpuclk/inst/clk_out1 | uIFetch/Register_reg[11][31][0] | uDecoder/Register_reg[15][0]_0    |                5 |              7 |
|  ucpuclk/inst/clk_out1 | uIFetch/Register_reg[21][31][0] | uDecoder/Register[31][21]_i_2_n_1 |                6 |              7 |
|  ucpuclk/inst/clk_out1 | uIFetch/Register_reg[20][31][0] | uDecoder/Register[31][13]_i_2_n_1 |                3 |              8 |
|  ucpuclk/inst/clk_out1 | uIFetch/Register_reg[26][31][0] | uDecoder/Register[31][21]_i_2_n_1 |                6 |              8 |
|  ucpuclk/inst/clk_out1 | uIFetch/Register_reg[18][31][0] | uDecoder/Register[31][20]_i_2_n_1 |                8 |              8 |
|  ucpuclk/inst/clk_out1 | uIFetch/Register_reg[22][31][0] | uDecoder/Register[31][13]_i_2_n_1 |                2 |              8 |
|  ucpuclk/inst/clk_out1 | uIFetch/Register_reg[17][31][0] | uDecoder/Register[31][20]_i_2_n_1 |                6 |              8 |
|  ucpuclk/inst/clk_out1 | uIFetch/Register_reg[30][31][0] | uDecoder/Register[31][30]_i_2_n_1 |                7 |              8 |
|  ucpuclk/inst/clk_out1 | uIFetch/Register_reg[21][31][0] | uDecoder/Register[31][13]_i_2_n_1 |                3 |              8 |
|  ucpuclk/inst/clk_out1 | uIFetch/Register_reg[28][31][0] | uDecoder/Register[31][30]_i_2_n_1 |                5 |              8 |
|  ucpuclk/inst/clk_out1 | uIFetch/Register_reg[24][31][0] | uDecoder/Register[31][21]_i_2_n_1 |                8 |              8 |
|  ucpuclk/inst/clk_out1 | uIFetch/Register_reg[0][31][0]  | uDecoder/Register[15][28]_i_1_n_1 |                6 |              8 |
|  ucpuclk/inst/clk_out1 | uIFetch/E[0]                    | uDecoder/Register[31][30]_i_2_n_1 |                8 |              8 |
|  ucpuclk/inst/clk_out1 | uIFetch/Register_reg[16][31][0] | uDecoder/Register[31][20]_i_2_n_1 |                8 |              8 |
|  ucpuclk/inst/clk_out1 | uIFetch/Register_reg[27][31][0] | uDecoder/Register[31][21]_i_2_n_1 |                7 |              8 |
|  ucpuclk/inst/clk_out1 | uIFetch/Register_reg[23][31][0] | uDecoder/Register[31][13]_i_2_n_1 |                2 |              8 |
|  ucpuclk/inst/clk_out1 | uIFetch/Register_reg[25][31][0] | uDecoder/Register[31][21]_i_2_n_1 |                6 |              8 |
|  ucpuclk/inst/clk_out1 | uIFetch/Register_reg[19][31][0] | uDecoder/Register[31][20]_i_2_n_1 |                6 |              8 |
|  ucpuclk/inst/clk_out1 | uIFetch/Register_reg[29][31][0] | uDecoder/Register[31][30]_i_2_n_1 |                5 |              8 |
|  ucpuclk/inst/clk_out1 | uIFetch/Register_reg[2][31][0]  | uDecoder/Register[15][28]_i_1_n_1 |                3 |              9 |
|  ucpuclk/inst/clk_out1 | uIFetch/Register_reg[5][31][0]  | uDecoder/Register[15][28]_i_1_n_1 |                5 |              9 |
|  ucpuclk/inst/clk_out1 | uIFetch/Register_reg[4][31][0]  | uDecoder/Register[15][28]_i_1_n_1 |                5 |              9 |
|  ucpuclk/inst/clk_out1 | uIFetch/Register_reg[6][31][0]  | uDecoder/Register[15][28]_i_1_n_1 |                5 |              9 |
|  ucpuclk/inst/clk_out1 | uIFetch/Register_reg[7][31][0]  | uDecoder/Register[15][28]_i_1_n_1 |                5 |              9 |
|  ucpuclk/inst/clk_out1 | uIFetch/Register_reg[1][31][0]  | uDecoder/Register[15][28]_i_1_n_1 |                4 |              9 |
|  ucpuclk/inst/clk_out1 | uIFetch/Register_reg[3][31][0]  | uDecoder/Register[15][28]_i_1_n_1 |                7 |              9 |
|  n_0_75_BUFG           | uclkconv/sel                    | uDecoder/Register_reg[0][28]_0    |                7 |             28 |
|  ucpuclk/inst/clk_out1 |                                 | uclkconv/enter_cnt0               |               13 |             32 |
|  ucpuclk/inst/clk_out1 |                                 | uDecoder/Register_reg[31][15]_0   |               26 |             65 |
+------------------------+---------------------------------+-----------------------------------+------------------+----------------+


+--------+-----------------------+
| Fanout | Number of ControlSets |
+--------+-----------------------+
| 1      |                     1 |
| 2      |                     3 |
| 3      |                    25 |
| 4      |                     5 |
| 5      |                     6 |
| 6      |                    14 |
| 7      |                    90 |
| 8      |                    17 |
| 9      |                     7 |
| 16+    |                     3 |
+--------+-----------------------+


